02/05/2022 05:43:45 PM INFO: Hanabi server started on 127.0.0.1:1024
02/05/2022 05:43:50 PM INFO: Connected by: ('127.0.0.1', 55082)
02/05/2022 05:43:50 PM INFO: Player connected: steo
02/05/2022 05:43:50 PM INFO: Player ready: steo
02/05/2022 05:43:56 PM INFO: Connected by: ('127.0.0.1', 55083)
02/05/2022 05:43:56 PM INFO: Player connected: albo
02/05/2022 05:43:56 PM INFO: Player ready: albo
02/05/2022 05:43:56 PM INFO: Game start! Between: ['steo', 'albo']
02/05/2022 05:43:56 PM INFO: Ok, let's start the game!
02/05/2022 05:43:56 PM INFO: Showing hand to: steo
02/05/2022 05:43:56 PM INFO: Showing hand to: albo
02/05/2022 05:43:56 PM INFO: Showing hand to: albo
02/05/2022 05:43:56 PM INFO: Showing hand to: steo
02/05/2022 05:43:56 PM INFO: Player steo providing hint to albo: cards with value 1 are in positions: [2]
02/05/2022 05:43:56 PM INFO: Showing hand to: steo
02/05/2022 05:43:56 PM INFO: Showing hand to: albo
02/05/2022 05:43:56 PM INFO: albo: card played and correctly put on the table
02/05/2022 05:43:56 PM INFO: Showing hand to: steo
02/05/2022 05:43:56 PM INFO: Player steo providing hint to albo: cards with value 5 are in positions: [0]
02/05/2022 05:43:56 PM INFO: Showing hand to: steo
02/05/2022 05:43:56 PM INFO: Showing hand to: albo
02/05/2022 05:43:56 PM INFO: Player albo providing hint to steo: cards with value 1 are in positions: [0, 3]
02/05/2022 05:43:56 PM INFO: Showing hand to: steo
02/05/2022 05:43:56 PM INFO: Showing hand to: albo
02/05/2022 05:43:56 PM INFO: Player steo providing hint to albo: cards with color white are in positions: [0]
02/05/2022 05:43:56 PM INFO: Showing hand to: steo
02/05/2022 05:43:56 PM INFO: Showing hand to: albo
02/05/2022 05:43:56 PM INFO: Player albo providing hint to steo: cards with color green are in positions: [3, 4]
02/05/2022 05:43:56 PM INFO: Showing hand to: steo
02/05/2022 05:43:56 PM INFO: Showing hand to: albo
02/05/2022 05:43:56 PM INFO: steo: card played and correctly put on the table
02/05/2022 05:43:56 PM INFO: Showing hand to: albo
02/05/2022 05:43:56 PM INFO: Player albo providing hint to steo: cards with color white are in positions: [0]
02/05/2022 05:43:56 PM INFO: Showing hand to: steo
02/05/2022 05:43:56 PM INFO: Showing hand to: albo
02/05/2022 05:43:56 PM INFO: steo: card played and correctly put on the table
02/05/2022 05:43:56 PM INFO: Showing hand to: albo
02/05/2022 05:43:56 PM INFO: Player albo providing hint to steo: cards with value 5 are in positions: [2]
02/05/2022 05:43:56 PM INFO: Showing hand to: steo
02/05/2022 05:43:56 PM INFO: Showing hand to: albo
02/05/2022 05:43:56 PM INFO: Player: steo: card 26 discarded successfully
02/05/2022 05:43:56 PM INFO: Showing hand to: steo
02/05/2022 05:43:56 PM INFO: Showing hand to: albo
02/05/2022 05:43:56 PM INFO: Player albo providing hint to steo: cards with color red are in positions: [0, 2, 3, 4]
02/05/2022 05:43:56 PM INFO: Showing hand to: steo
02/05/2022 05:43:56 PM INFO: Showing hand to: albo
02/05/2022 05:43:56 PM INFO: Player: steo: card 40 discarded successfully
02/05/2022 05:43:56 PM INFO: Showing hand to: steo
02/05/2022 05:43:56 PM INFO: Showing hand to: albo
02/05/2022 05:43:56 PM INFO: Player albo providing hint to steo: cards with value 2 are in positions: [1, 4]
02/05/2022 05:43:56 PM INFO: Showing hand to: steo
02/05/2022 05:43:56 PM INFO: Showing hand to: albo
02/05/2022 05:43:56 PM INFO: Player: steo: card 30 discarded successfully
02/05/2022 05:43:56 PM INFO: Showing hand to: steo
02/05/2022 05:43:56 PM INFO: Showing hand to: albo
02/05/2022 05:43:56 PM INFO: Player albo providing hint to steo: cards with value 1 are in positions: [2, 4]
02/05/2022 05:43:56 PM INFO: Showing hand to: steo
02/05/2022 05:43:56 PM INFO: Showing hand to: albo
02/05/2022 05:43:56 PM INFO: steo: card played and correctly put on the table
02/05/2022 05:43:56 PM INFO: Showing hand to: albo
02/05/2022 05:43:56 PM INFO: Player albo providing hint to steo: cards with value 2 are in positions: [1, 2, 4]
02/05/2022 05:43:56 PM INFO: Showing hand to: steo
02/05/2022 05:43:56 PM INFO: Showing hand to: albo
02/05/2022 05:43:56 PM INFO: steo: card played and correctly put on the table
02/05/2022 05:43:56 PM INFO: Showing hand to: albo
02/05/2022 05:43:56 PM INFO: Player: albo: card 20 discarded successfully
02/05/2022 05:43:56 PM INFO: Showing hand to: steo
02/05/2022 05:43:56 PM INFO: Showing hand to: albo
02/05/2022 05:43:56 PM INFO: Player steo providing hint to albo: cards with value 3 are in positions: [2, 3]
02/05/2022 05:43:56 PM INFO: Showing hand to: steo
02/05/2022 05:43:56 PM INFO: Showing hand to: albo
02/05/2022 05:43:56 PM INFO: Player: albo: card 28 discarded successfully
02/05/2022 05:43:56 PM INFO: Showing hand to: steo
02/05/2022 05:43:56 PM INFO: Showing hand to: albo
02/05/2022 05:43:56 PM INFO: Player steo providing hint to albo: cards with color red are in positions: [2, 4]
02/05/2022 05:43:56 PM INFO: Showing hand to: steo
02/05/2022 05:43:56 PM INFO: Showing hand to: albo
02/05/2022 05:43:56 PM INFO: albo: card played and correctly put on the table
02/05/2022 05:43:56 PM INFO: Showing hand to: steo
02/05/2022 05:43:56 PM INFO: Player: steo: card 13 discarded successfully
02/05/2022 05:43:56 PM INFO: Showing hand to: albo
02/05/2022 05:43:56 PM INFO: Showing hand to: steo
02/05/2022 05:43:56 PM INFO: Player albo providing hint to steo: cards with value 2 are in positions: [1, 2, 4]
02/05/2022 05:43:56 PM INFO: Showing hand to: albo
02/05/2022 05:43:56 PM INFO: Showing hand to: steo
02/05/2022 05:43:56 PM INFO: Player: steo: card 18 discarded successfully
02/05/2022 05:43:56 PM INFO: Showing hand to: steo
02/05/2022 05:43:56 PM INFO: Showing hand to: albo
02/05/2022 05:43:56 PM INFO: Player albo providing hint to steo: cards with value 2 are in positions: [1, 3, 4]
02/05/2022 05:43:56 PM INFO: Showing hand to: steo
02/05/2022 05:43:56 PM INFO: Showing hand to: albo
02/05/2022 05:43:56 PM INFO: Player: steo: card 23 discarded successfully
02/05/2022 05:43:56 PM INFO: Showing hand to: steo
02/05/2022 05:43:56 PM INFO: Showing hand to: albo
02/05/2022 05:43:56 PM INFO: Player albo providing hint to steo: cards with color green are in positions: [0, 1, 2]
02/05/2022 05:43:56 PM INFO: Showing hand to: albo
02/05/2022 05:43:56 PM INFO: Showing hand to: steo
02/05/2022 05:43:56 PM INFO: steo: card played and correctly put on the table
02/05/2022 05:43:56 PM INFO: Showing hand to: albo
02/05/2022 05:43:56 PM INFO: Player: albo: card 0 discarded successfully
02/05/2022 05:43:56 PM INFO: Showing hand to: steo
02/05/2022 05:43:56 PM INFO: Showing hand to: albo
02/05/2022 05:43:56 PM INFO: Player steo providing hint to albo: cards with value 5 are in positions: [0, 2, 4]
02/05/2022 05:43:56 PM INFO: Showing hand to: steo
02/05/2022 05:43:56 PM INFO: Showing hand to: albo
02/05/2022 05:43:56 PM INFO: Player: albo: card 11 discarded successfully
02/05/2022 05:43:56 PM INFO: Showing hand to: albo
02/05/2022 05:43:56 PM INFO: Showing hand to: steo
02/05/2022 05:43:56 PM INFO: Player steo providing hint to albo: cards with color yellow are in positions: [2, 4]
02/05/2022 05:43:56 PM INFO: Showing hand to: steo
02/05/2022 05:43:56 PM INFO: Showing hand to: albo
02/05/2022 05:43:56 PM INFO: Player: albo: card 1 discarded successfully
02/05/2022 05:43:56 PM INFO: Showing hand to: steo
02/05/2022 05:43:56 PM INFO: Showing hand to: albo
02/05/2022 05:43:56 PM INFO: Player: steo: card 32 discarded successfully
02/05/2022 05:43:56 PM INFO: Showing hand to: steo
02/05/2022 05:43:56 PM INFO: Showing hand to: albo
02/05/2022 05:43:56 PM INFO: Player albo providing hint to steo: cards with value 1 are in positions: [2]
02/05/2022 05:43:56 PM INFO: Showing hand to: steo
02/05/2022 05:43:56 PM INFO: Showing hand to: albo
02/05/2022 05:43:56 PM INFO: Player: steo: card 6 discarded successfully
02/05/2022 05:43:56 PM INFO: Showing hand to: steo
02/05/2022 05:43:56 PM INFO: Showing hand to: albo
02/05/2022 05:43:56 PM INFO: Player albo providing hint to steo: cards with value 2 are in positions: [1, 2]
02/05/2022 05:43:56 PM INFO: Showing hand to: albo
02/05/2022 05:43:56 PM INFO: Showing hand to: steo
02/05/2022 05:43:56 PM INFO: Player: steo: card 19 discarded successfully
02/05/2022 05:43:56 PM INFO: Showing hand to: steo
02/05/2022 05:43:56 PM INFO: Showing hand to: albo
02/05/2022 05:43:56 PM INFO: Player albo providing hint to steo: cards with color yellow are in positions: [1, 4]
02/05/2022 05:43:56 PM INFO: Showing hand to: steo
02/05/2022 05:43:56 PM INFO: Showing hand to: albo
02/05/2022 05:43:56 PM INFO: Player: steo: card 31 discarded successfully
02/05/2022 05:43:56 PM INFO: Showing hand to: steo
02/05/2022 05:43:56 PM INFO: Showing hand to: albo
02/05/2022 05:43:56 PM INFO: Player albo providing hint to steo: cards with value 1 are in positions: [4]
02/05/2022 05:43:56 PM INFO: Showing hand to: steo
02/05/2022 05:43:56 PM INFO: Showing hand to: albo
02/05/2022 05:43:56 PM INFO: Player: steo: card 21 discarded successfully
02/05/2022 05:43:56 PM INFO: Showing hand to: steo
02/05/2022 05:43:56 PM INFO: Showing hand to: albo
02/05/2022 05:43:56 PM INFO: Player albo providing hint to steo: cards with value 1 are in positions: [3, 4]
02/05/2022 05:43:56 PM INFO: Showing hand to: steo
02/05/2022 05:43:56 PM INFO: Showing hand to: albo
02/05/2022 05:43:56 PM INFO: Player: steo: card 4 discarded successfully
02/05/2022 05:43:56 PM INFO: Showing hand to: steo
02/05/2022 05:43:56 PM INFO: Showing hand to: albo
02/05/2022 05:43:56 PM INFO: Player albo providing hint to steo: cards with color green are in positions: [0, 2, 4]
02/05/2022 05:43:56 PM INFO: Showing hand to: steo
02/05/2022 05:43:56 PM INFO: Showing hand to: albo
02/05/2022 05:43:56 PM INFO: Player: steo: card 22 discarded successfully
02/05/2022 05:43:56 PM INFO: Showing hand to: steo
02/05/2022 05:43:56 PM INFO: Showing hand to: albo
02/05/2022 05:43:56 PM INFO: Player albo providing hint to steo: cards with color red are in positions: [3]
02/05/2022 05:43:56 PM INFO: Showing hand to: albo
02/05/2022 05:43:56 PM INFO: Showing hand to: steo
02/05/2022 05:43:56 PM INFO: Player: steo: card 5 discarded successfully
02/05/2022 05:43:56 PM INFO: Showing hand to: steo
02/05/2022 05:43:56 PM INFO: Showing hand to: albo
02/05/2022 05:43:56 PM INFO: Player albo providing hint to steo: cards with value 1 are in positions: [4]
02/05/2022 05:43:56 PM INFO: Showing hand to: steo
02/05/2022 05:43:56 PM INFO: Showing hand to: albo
02/05/2022 05:43:56 PM INFO: Player: steo: card 37 discarded successfully
02/05/2022 05:43:56 PM INFO: Showing hand to: steo
02/05/2022 05:43:56 PM INFO: Showing hand to: albo
02/05/2022 05:43:56 PM INFO: Player albo providing hint to steo: cards with color white are in positions: [1, 3, 4]
02/05/2022 05:43:56 PM INFO: Showing hand to: steo
02/05/2022 05:43:56 PM INFO: Showing hand to: albo
02/05/2022 05:43:56 PM INFO: Player: steo: card 14 discarded successfully
02/05/2022 05:43:56 PM INFO: Showing hand to: steo
02/05/2022 05:43:56 PM INFO: Showing hand to: albo
02/05/2022 05:43:56 PM INFO: Player albo providing hint to steo: cards with value 4 are in positions: [2, 3]
02/05/2022 05:43:56 PM INFO: Showing hand to: steo
02/05/2022 05:43:56 PM INFO: Showing hand to: albo
02/05/2022 05:43:56 PM INFO: Player: steo: card 29 discarded successfully
02/05/2022 05:43:56 PM INFO: Showing hand to: steo
02/05/2022 05:43:56 PM INFO: Showing hand to: albo
02/05/2022 05:43:56 PM INFO: Player albo providing hint to steo: cards with value 1 are in positions: [3, 4]
02/05/2022 05:43:56 PM INFO: Showing hand to: steo
02/05/2022 05:43:56 PM INFO: Showing hand to: albo
02/05/2022 05:43:56 PM INFO: Player: steo: card 36 discarded successfully
02/05/2022 05:43:56 PM INFO: Showing hand to: steo
02/05/2022 05:43:56 PM INFO: Showing hand to: albo
02/05/2022 05:43:56 PM INFO: Player albo providing hint to steo: cards with color green are in positions: [0, 3]
02/05/2022 05:43:56 PM INFO: Showing hand to: steo
02/05/2022 05:43:56 PM INFO: Showing hand to: albo
02/05/2022 05:43:56 PM INFO: Player: steo: card 2 discarded successfully
02/05/2022 05:43:56 PM INFO: Showing hand to: steo
02/05/2022 05:43:56 PM INFO: Showing hand to: albo
02/05/2022 05:43:56 PM INFO: Player albo providing hint to steo: cards with color blue are in positions: [2, 4]
02/05/2022 05:43:56 PM INFO: Showing hand to: steo
02/05/2022 05:43:56 PM INFO: Showing hand to: albo
02/05/2022 05:43:56 PM INFO: Player: steo: card 3 discarded successfully
02/05/2022 05:43:56 PM INFO: Showing hand to: steo
02/05/2022 05:43:56 PM INFO: Showing hand to: albo
02/05/2022 05:43:56 PM INFO: Player albo providing hint to steo: cards with value 3 are in positions: [2, 3, 4]
02/05/2022 05:43:56 PM INFO: Showing hand to: steo
02/05/2022 05:43:56 PM INFO: Showing hand to: albo
02/05/2022 05:43:56 PM INFO: Player: steo: card 34 discarded successfully
02/05/2022 05:43:56 PM INFO: Showing hand to: steo
02/05/2022 05:43:56 PM INFO: Showing hand to: albo
02/05/2022 05:43:56 PM INFO: Player albo providing hint to steo: cards with color green are in positions: [0, 3]
02/05/2022 05:43:56 PM INFO: Showing hand to: steo
02/05/2022 05:43:56 PM INFO: Showing hand to: albo
02/05/2022 05:43:56 PM INFO: steo: card played and correctly put on the table
02/05/2022 05:43:56 PM INFO: Showing hand to: albo
02/05/2022 05:43:56 PM INFO: Player: albo: card 42 discarded successfully
02/05/2022 05:43:56 PM INFO: Showing hand to: steo
02/05/2022 05:43:56 PM INFO: Showing hand to: albo
02/05/2022 05:43:56 PM INFO: Player steo providing hint to albo: cards with value 5 are in positions: [0, 1, 2, 3]
02/05/2022 05:43:56 PM INFO: Showing hand to: steo
02/05/2022 05:43:56 PM INFO: Showing hand to: albo
02/05/2022 05:43:56 PM INFO: Player: albo: card 16 discarded successfully
02/05/2022 05:43:56 PM INFO: Showing hand to: steo
02/05/2022 05:43:56 PM INFO: Showing hand to: albo
02/05/2022 05:43:56 PM INFO: Player steo providing hint to albo: cards with color blue are in positions: [3, 4]
02/05/2022 05:43:56 PM INFO: Showing hand to: steo
02/05/2022 05:43:56 PM INFO: Showing hand to: albo
02/05/2022 05:43:56 PM INFO: Player: albo: card 43 discarded successfully
02/05/2022 05:43:56 PM INFO: Showing hand to: steo
02/05/2022 05:43:56 PM INFO: Showing hand to: albo
02/05/2022 05:43:56 PM INFO: Player steo providing hint to albo: cards with color white are in positions: [0, 4]
02/05/2022 05:43:56 PM INFO: Showing hand to: steo
02/05/2022 05:43:56 PM INFO: Showing hand to: albo
02/05/2022 05:43:56 PM INFO: Player: albo: card 24 discarded successfully
02/05/2022 05:43:56 PM INFO: Showing hand to: steo
02/05/2022 05:43:56 PM INFO: Showing hand to: albo
02/05/2022 05:43:56 PM INFO: Player: steo: card 39 discarded successfully
02/05/2022 05:43:56 PM INFO: Showing hand to: steo
02/05/2022 05:43:56 PM INFO: Showing hand to: albo
02/05/2022 05:43:56 PM INFO: Player albo providing hint to steo: cards with color blue are in positions: [1, 2]
02/05/2022 05:43:56 PM INFO: Showing hand to: steo
02/05/2022 05:43:56 PM INFO: Showing hand to: albo
02/05/2022 05:43:56 PM INFO: Player steo providing hint to albo: cards with color white are in positions: [0, 4]
02/05/2022 05:43:56 PM INFO: Showing hand to: steo
02/05/2022 05:43:56 PM INFO: Showing hand to: albo
02/05/2022 05:43:56 PM INFO: Player: albo: card 44 discarded successfully
02/05/2022 05:43:56 PM INFO: Showing hand to: steo
02/05/2022 05:43:56 PM INFO: Showing hand to: albo
02/05/2022 05:43:56 PM INFO: Player steo providing hint to albo: cards with color red are in positions: [2, 4]
02/05/2022 05:43:56 PM INFO: Showing hand to: steo
02/05/2022 05:43:56 PM INFO: Showing hand to: albo
02/05/2022 05:43:56 PM INFO: Player: albo: card 35 discarded successfully
02/05/2022 05:43:56 PM INFO: Game over, people.
02/05/2022 05:43:56 PM INFO: Please, close the server now
02/05/2022 05:43:56 PM INFO: Score: 8; message: Meh!
02/05/2022 05:43:56 PM INFO: Game over
02/05/2022 05:43:56 PM INFO: Game score: 8
02/05/2022 05:43:56 PM INFO: Starting new game
02/05/2022 05:43:56 PM INFO: Starting new game
02/05/2022 05:43:56 PM INFO: Ok, let's start the game!
02/05/2022 05:43:56 PM WARNING: Player disconnected: steo
02/05/2022 05:43:56 PM WARNING: Player disconnected: albo
02/05/2022 05:43:56 PM INFO: Shutting down server
02/05/2022 05:43:59 PM INFO: Hanabi server started on 127.0.0.1:1024
02/05/2022 05:44:00 PM INFO: Connected by: ('127.0.0.1', 55084)
02/05/2022 05:44:00 PM INFO: Player connected: steo
02/05/2022 05:44:00 PM INFO: Player ready: steo
02/05/2022 05:44:02 PM INFO: Connected by: ('127.0.0.1', 55085)
02/05/2022 05:44:02 PM INFO: Player connected: albo
02/05/2022 05:44:02 PM INFO: Player ready: albo
02/05/2022 05:44:02 PM INFO: Game start! Between: ['steo', 'albo']
02/05/2022 05:44:02 PM INFO: Ok, let's start the game!
02/05/2022 05:44:02 PM INFO: Showing hand to: albo
02/05/2022 05:44:02 PM INFO: Showing hand to: steo
02/05/2022 05:44:02 PM INFO: Showing hand to: albo
02/05/2022 05:44:02 PM INFO: Showing hand to: steo
02/05/2022 05:44:02 PM INFO: Player steo providing hint to albo: cards with value 1 are in positions: [4]
02/05/2022 05:44:02 PM INFO: Showing hand to: steo
02/05/2022 05:44:02 PM INFO: Showing hand to: albo
02/05/2022 05:44:02 PM INFO: Player albo providing hint to steo: cards with value 1 are in positions: [1, 3]
02/05/2022 05:44:02 PM INFO: Showing hand to: albo
02/05/2022 05:44:02 PM INFO: Showing hand to: steo
02/05/2022 05:44:02 PM INFO: steo: card played and correctly put on the table
02/05/2022 05:44:02 PM INFO: Showing hand to: albo
02/05/2022 05:44:02 PM INFO: Player albo providing hint to steo: cards with value 1 are in positions: [2, 4]
02/05/2022 05:44:02 PM INFO: Showing hand to: albo
02/05/2022 05:44:02 PM INFO: Showing hand to: steo
02/05/2022 05:44:02 PM INFO: Player steo providing hint to albo: cards with color blue are in positions: [4]
02/05/2022 05:44:02 PM INFO: Showing hand to: albo
02/05/2022 05:44:02 PM INFO: Showing hand to: steo
02/05/2022 05:44:02 PM INFO: albo: card played and correctly put on the table
02/05/2022 05:44:02 PM INFO: Showing hand to: steo
02/05/2022 05:44:02 PM INFO: Player steo providing hint to albo: cards with value 3 are in positions: [1, 2, 4]
02/05/2022 05:44:02 PM INFO: Showing hand to: steo
02/05/2022 05:44:02 PM INFO: Showing hand to: albo
02/05/2022 05:44:02 PM INFO: Player albo providing hint to steo: cards with value 4 are in positions: [0, 3]
02/05/2022 05:44:02 PM INFO: Showing hand to: steo
02/05/2022 05:44:02 PM INFO: Showing hand to: albo
02/05/2022 05:44:02 PM INFO: Player steo providing hint to albo: cards with color white are in positions: [0, 1]
02/05/2022 05:44:02 PM INFO: Showing hand to: steo
02/05/2022 05:44:02 PM INFO: Showing hand to: albo
02/05/2022 05:44:02 PM INFO: Player albo providing hint to steo: cards with color yellow are in positions: [0, 3]
02/05/2022 05:44:02 PM INFO: Showing hand to: albo
02/05/2022 05:44:02 PM INFO: Showing hand to: steo
02/05/2022 05:44:02 PM INFO: Player: steo: card 36 discarded successfully
02/05/2022 05:44:02 PM INFO: Showing hand to: steo
02/05/2022 05:44:02 PM INFO: Showing hand to: albo
02/05/2022 05:44:02 PM INFO: Player albo providing hint to steo: cards with value 4 are in positions: [2, 4]
02/05/2022 05:44:02 PM INFO: Showing hand to: steo
02/05/2022 05:44:02 PM INFO: Showing hand to: albo
02/05/2022 05:44:02 PM INFO: Player: steo: card 37 discarded successfully
02/05/2022 05:44:02 PM INFO: Showing hand to: albo
02/05/2022 05:44:02 PM INFO: Showing hand to: steo
02/05/2022 05:44:02 PM INFO: Player albo providing hint to steo: cards with color red are in positions: [0, 1, 4]
02/05/2022 05:44:02 PM INFO: Showing hand to: steo
02/05/2022 05:44:02 PM INFO: Showing hand to: albo
02/05/2022 05:44:02 PM INFO: steo: card played and correctly put on the table
02/05/2022 05:44:02 PM INFO: Showing hand to: albo
02/05/2022 05:44:02 PM INFO: Player: albo: card 27 discarded successfully
02/05/2022 05:44:02 PM INFO: Showing hand to: steo
02/05/2022 05:44:02 PM INFO: Showing hand to: albo
02/05/2022 05:44:02 PM INFO: Player: steo: card 30 discarded successfully
02/05/2022 05:44:02 PM INFO: Showing hand to: steo
02/05/2022 05:44:02 PM INFO: Showing hand to: albo
02/05/2022 05:44:02 PM INFO: Player albo providing hint to steo: cards with value 4 are in positions: [0, 3]
02/05/2022 05:44:02 PM INFO: Showing hand to: steo
02/05/2022 05:44:02 PM INFO: Showing hand to: albo
02/05/2022 05:44:02 PM INFO: Player: steo: card 15 discarded successfully
02/05/2022 05:44:02 PM INFO: Showing hand to: steo
02/05/2022 05:44:02 PM INFO: Showing hand to: albo
02/05/2022 05:44:02 PM INFO: Player albo providing hint to steo: cards with value 1 are in positions: [1, 4]
02/05/2022 05:44:02 PM INFO: Showing hand to: steo
02/05/2022 05:44:02 PM INFO: Showing hand to: albo
02/05/2022 05:44:02 PM INFO: Player: steo: card 38 discarded successfully
02/05/2022 05:44:02 PM INFO: Showing hand to: steo
02/05/2022 05:44:02 PM INFO: Showing hand to: albo
02/05/2022 05:44:02 PM INFO: Player albo providing hint to steo: cards with value 1 are in positions: [1, 3, 4]
02/05/2022 05:44:02 PM INFO: Showing hand to: steo
02/05/2022 05:44:02 PM INFO: Showing hand to: albo
02/05/2022 05:44:02 PM INFO: Player: steo: card 8 discarded successfully
02/05/2022 05:44:02 PM INFO: Showing hand to: albo
02/05/2022 05:44:02 PM INFO: Showing hand to: steo
02/05/2022 05:44:02 PM INFO: Player albo providing hint to steo: cards with value 1 are in positions: [1, 3, 4]
02/05/2022 05:44:02 PM INFO: Showing hand to: steo
02/05/2022 05:44:02 PM INFO: Showing hand to: albo
02/05/2022 05:44:02 PM INFO: Player: steo: card 7 discarded successfully
02/05/2022 05:44:02 PM INFO: Showing hand to: steo
02/05/2022 05:44:02 PM INFO: Showing hand to: albo
02/05/2022 05:44:02 PM INFO: Player albo providing hint to steo: cards with color white are in positions: [1, 2]
02/05/2022 05:44:02 PM INFO: Showing hand to: steo
02/05/2022 05:44:02 PM INFO: Showing hand to: albo
02/05/2022 05:44:02 PM INFO: steo: card played and correctly put on the table
02/05/2022 05:44:02 PM INFO: Showing hand to: albo
02/05/2022 05:44:02 PM INFO: Player: albo: card 29 discarded successfully
02/05/2022 05:44:02 PM INFO: Showing hand to: steo
02/05/2022 05:44:02 PM INFO: Showing hand to: albo
02/05/2022 05:44:02 PM INFO: Player steo providing hint to albo: cards with value 3 are in positions: [2, 3]
02/05/2022 05:44:02 PM INFO: Showing hand to: steo
02/05/2022 05:44:02 PM INFO: Showing hand to: albo
02/05/2022 05:44:02 PM INFO: Player: albo: card 31 discarded successfully
02/05/2022 05:44:02 PM INFO: Showing hand to: steo
02/05/2022 05:44:02 PM INFO: Showing hand to: albo
02/05/2022 05:44:02 PM INFO: Player steo providing hint to albo: cards with value 2 are in positions: [0, 4]
02/05/2022 05:44:02 PM INFO: Showing hand to: steo
02/05/2022 05:44:02 PM INFO: Showing hand to: albo
02/05/2022 05:44:02 PM INFO: albo: card played and correctly put on the table
02/05/2022 05:44:02 PM INFO: Showing hand to: steo
02/05/2022 05:44:02 PM INFO: Player steo providing hint to albo: cards with value 3 are in positions: [1, 4]
02/05/2022 05:44:02 PM INFO: Showing hand to: steo
02/05/2022 05:44:02 PM INFO: Showing hand to: albo
02/05/2022 05:44:02 PM INFO: Player: albo: card 25 discarded successfully
02/05/2022 05:44:02 PM INFO: Showing hand to: steo
02/05/2022 05:44:02 PM INFO: Showing hand to: albo
02/05/2022 05:44:02 PM INFO: Player steo providing hint to albo: cards with color green are in positions: [3]
02/05/2022 05:44:02 PM INFO: Showing hand to: steo
02/05/2022 05:44:02 PM INFO: Showing hand to: albo
02/05/2022 05:44:02 PM INFO: albo: card played and correctly put on the table
02/05/2022 05:44:02 PM INFO: Showing hand to: steo
02/05/2022 05:44:02 PM INFO: Player: steo: card 49 discarded successfully
02/05/2022 05:44:02 PM INFO: Showing hand to: steo
02/05/2022 05:44:02 PM INFO: Showing hand to: albo
02/05/2022 05:44:02 PM INFO: Player: albo: card 26 discarded successfully
02/05/2022 05:44:02 PM INFO: Showing hand to: steo
02/05/2022 05:44:02 PM INFO: Showing hand to: albo
02/05/2022 05:44:02 PM INFO: Player steo providing hint to albo: cards with value 1 are in positions: [2, 3]
02/05/2022 05:44:02 PM INFO: Showing hand to: steo
02/05/2022 05:44:02 PM INFO: Showing hand to: albo
02/05/2022 05:44:02 PM INFO: Player: albo: card 1 discarded successfully
02/05/2022 05:44:02 PM INFO: Showing hand to: steo
02/05/2022 05:44:02 PM INFO: Showing hand to: albo
02/05/2022 05:44:02 PM INFO: Player steo providing hint to albo: cards with color red are in positions: [0, 2]
02/05/2022 05:44:02 PM INFO: Showing hand to: steo
02/05/2022 05:44:02 PM INFO: Showing hand to: albo
02/05/2022 05:44:02 PM INFO: Player: albo: card 10 discarded successfully
02/05/2022 05:44:02 PM INFO: Showing hand to: steo
02/05/2022 05:44:02 PM INFO: Showing hand to: albo
02/05/2022 05:44:02 PM INFO: Player steo providing hint to albo: cards with value 4 are in positions: [0, 4]
02/05/2022 05:44:02 PM INFO: Showing hand to: steo
02/05/2022 05:44:02 PM INFO: Showing hand to: albo
02/05/2022 05:44:02 PM INFO: Player: albo: card 40 discarded successfully
02/05/2022 05:44:02 PM INFO: Showing hand to: steo
02/05/2022 05:44:02 PM INFO: Showing hand to: albo
02/05/2022 05:44:02 PM INFO: Player steo providing hint to albo: cards with value 1 are in positions: [4]
02/05/2022 05:44:02 PM INFO: Showing hand to: steo
02/05/2022 05:44:02 PM INFO: Showing hand to: albo
02/05/2022 05:44:02 PM INFO: Player: albo: card 42 discarded successfully
02/05/2022 05:44:02 PM INFO: Showing hand to: steo
02/05/2022 05:44:02 PM INFO: Showing hand to: albo
02/05/2022 05:44:02 PM INFO: Player steo providing hint to albo: cards with color yellow are in positions: [3]
02/05/2022 05:44:02 PM INFO: Showing hand to: steo
02/05/2022 05:44:02 PM INFO: Showing hand to: albo
02/05/2022 05:44:02 PM INFO: albo: card played and correctly put on the table
02/05/2022 05:44:02 PM INFO: Showing hand to: steo
02/05/2022 05:44:02 PM INFO: Player steo providing hint to albo: cards with value 2 are in positions: [2, 3]
02/05/2022 05:44:02 PM INFO: Showing hand to: steo
02/05/2022 05:44:02 PM INFO: Showing hand to: albo
02/05/2022 05:44:02 PM INFO: Player: albo: card 24 discarded successfully
02/05/2022 05:44:02 PM INFO: Showing hand to: steo
02/05/2022 05:44:02 PM INFO: Showing hand to: albo
02/05/2022 05:44:02 PM INFO: Player steo providing hint to albo: cards with value 2 are in positions: [2, 4]
02/05/2022 05:44:02 PM INFO: Showing hand to: steo
02/05/2022 05:44:02 PM INFO: Showing hand to: albo
02/05/2022 05:44:02 PM INFO: Player: albo: card 18 discarded successfully
02/05/2022 05:44:02 PM INFO: Showing hand to: steo
02/05/2022 05:44:02 PM INFO: Showing hand to: albo
02/05/2022 05:44:02 PM INFO: Player steo providing hint to albo: cards with color yellow are in positions: [3]
02/05/2022 05:44:02 PM INFO: Showing hand to: steo
02/05/2022 05:44:02 PM INFO: Showing hand to: albo
02/05/2022 05:44:02 PM INFO: albo: card played and correctly put on the table
02/05/2022 05:44:02 PM INFO: Showing hand to: steo
02/05/2022 05:44:02 PM INFO: Player: steo: card 2 discarded successfully
02/05/2022 05:44:02 PM INFO: Showing hand to: steo
02/05/2022 05:44:02 PM INFO: Showing hand to: albo
02/05/2022 05:44:02 PM INFO: Player albo providing hint to steo: cards with value 3 are in positions: [4]
02/05/2022 05:44:02 PM INFO: Showing hand to: steo
02/05/2022 05:44:02 PM INFO: Showing hand to: albo
02/05/2022 05:44:02 PM INFO: Player: steo: card 34 discarded successfully
02/05/2022 05:44:02 PM INFO: Showing hand to: steo
02/05/2022 05:44:02 PM INFO: Showing hand to: albo
02/05/2022 05:44:02 PM INFO: Player albo providing hint to steo: cards with color blue are in positions: [3, 4]
02/05/2022 05:44:02 PM INFO: Showing hand to: steo
02/05/2022 05:44:02 PM INFO: Showing hand to: albo
02/05/2022 05:44:02 PM INFO: Player: steo: card 23 discarded successfully
02/05/2022 05:44:02 PM INFO: Showing hand to: steo
02/05/2022 05:44:02 PM INFO: Showing hand to: albo
02/05/2022 05:44:02 PM INFO: Player: albo: card 48 discarded successfully
02/05/2022 05:44:02 PM INFO: Showing hand to: steo
02/05/2022 05:44:02 PM INFO: Showing hand to: albo
02/05/2022 05:44:02 PM INFO: Player steo providing hint to albo: cards with value 4 are in positions: [1, 3, 4]
02/05/2022 05:44:02 PM INFO: Showing hand to: steo
02/05/2022 05:44:02 PM INFO: Showing hand to: albo
02/05/2022 05:44:02 PM INFO: Player: albo: card 44 discarded successfully
02/05/2022 05:44:02 PM INFO: Showing hand to: steo
02/05/2022 05:44:02 PM INFO: Showing hand to: albo
02/05/2022 05:44:02 PM INFO: Player steo providing hint to albo: cards with color white are in positions: [1, 4]
02/05/2022 05:44:02 PM INFO: Showing hand to: steo
02/05/2022 05:44:02 PM INFO: Showing hand to: albo
02/05/2022 05:44:02 PM INFO: Player: albo: card 9 discarded successfully
02/05/2022 05:44:02 PM INFO: Showing hand to: albo
02/05/2022 05:44:02 PM INFO: Showing hand to: steo
02/05/2022 05:44:02 PM INFO: Player steo providing hint to albo: cards with color red are in positions: [2, 4]
02/05/2022 05:44:02 PM INFO: Showing hand to: steo
02/05/2022 05:44:02 PM INFO: Showing hand to: albo
02/05/2022 05:44:02 PM INFO: Player: albo: card 45 discarded successfully
02/05/2022 05:44:02 PM INFO: Showing hand to: steo
02/05/2022 05:44:02 PM INFO: Showing hand to: albo
02/05/2022 05:44:02 PM INFO: Player steo providing hint to albo: cards with value 2 are in positions: [3]
02/05/2022 05:44:02 PM INFO: Showing hand to: steo
02/05/2022 05:44:02 PM INFO: Showing hand to: albo
02/05/2022 05:44:02 PM INFO: albo: card played and correctly put on the table
02/05/2022 05:44:02 PM INFO: Showing hand to: steo
02/05/2022 05:44:02 PM INFO: Player: steo: card 3 discarded successfully
02/05/2022 05:44:02 PM INFO: Showing hand to: steo
02/05/2022 05:44:02 PM INFO: Showing hand to: albo
02/05/2022 05:44:02 PM INFO: Player albo providing hint to steo: cards with value 4 are in positions: [0, 2]
02/05/2022 05:44:02 PM INFO: Showing hand to: steo
02/05/2022 05:44:02 PM INFO: Showing hand to: albo
02/05/2022 05:44:02 PM INFO: Player: steo: card 35 discarded successfully
02/05/2022 05:44:02 PM INFO: Showing hand to: steo
02/05/2022 05:44:02 PM INFO: Showing hand to: albo
02/05/2022 05:44:02 PM INFO: Player albo providing hint to steo: cards with value 1 are in positions: [2, 4]
02/05/2022 05:44:02 PM INFO: Showing hand to: steo
02/05/2022 05:44:02 PM INFO: Showing hand to: albo
02/05/2022 05:44:02 PM INFO: Player: steo: card 4 discarded successfully
02/05/2022 05:44:02 PM INFO: Showing hand to: steo
02/05/2022 05:44:02 PM INFO: Showing hand to: albo
02/05/2022 05:44:02 PM INFO: Player albo providing hint to steo: cards with color yellow are in positions: [0, 1, 4]
02/05/2022 05:44:02 PM INFO: Showing hand to: steo
02/05/2022 05:44:02 PM INFO: Showing hand to: albo
02/05/2022 05:44:02 PM INFO: Player: steo: card 46 discarded successfully
02/05/2022 05:44:02 PM INFO: Showing hand to: steo
02/05/2022 05:44:02 PM INFO: Showing hand to: albo
02/05/2022 05:44:02 PM INFO: Player albo providing hint to steo: cards with value 3 are in positions: [1, 4]
02/05/2022 05:44:02 PM INFO: Showing hand to: steo
02/05/2022 05:44:02 PM INFO: Showing hand to: albo
02/05/2022 05:44:02 PM INFO: Player: steo: card 21 discarded successfully
02/05/2022 05:44:02 PM INFO: Showing hand to: steo
02/05/2022 05:44:02 PM INFO: Showing hand to: albo
02/05/2022 05:44:02 PM INFO: Player albo providing hint to steo: cards with color green are in positions: [3, 4]
02/05/2022 05:44:02 PM INFO: Showing hand to: steo
02/05/2022 05:44:02 PM INFO: Showing hand to: albo
02/05/2022 05:44:02 PM INFO: steo: card played and correctly put on the table
02/05/2022 05:44:02 PM INFO: Game over, people.
02/05/2022 05:44:02 PM INFO: Please, close the server now
02/05/2022 05:44:02 PM INFO: Score: 10; message: Meh!
02/05/2022 05:44:02 PM INFO: Game over
02/05/2022 05:44:02 PM INFO: Game score: 10
02/05/2022 05:44:02 PM INFO: Starting new game
02/05/2022 05:44:02 PM INFO: Starting new game
02/05/2022 05:44:02 PM INFO: Ok, let's start the game!
02/05/2022 05:44:02 PM WARNING: Player disconnected: steo
02/05/2022 05:44:02 PM WARNING: Player disconnected: albo
02/05/2022 05:44:02 PM INFO: Shutting down server
02/05/2022 05:44:04 PM INFO: Hanabi server started on 127.0.0.1:1024
02/05/2022 05:44:06 PM INFO: Connected by: ('127.0.0.1', 55086)
02/05/2022 05:44:06 PM INFO: Player connected: steo
02/05/2022 05:44:06 PM INFO: Player ready: steo
02/05/2022 05:44:07 PM INFO: Connected by: ('127.0.0.1', 55087)
02/05/2022 05:44:07 PM INFO: Player connected: albo
02/05/2022 05:44:07 PM INFO: Player ready: albo
02/05/2022 05:44:07 PM INFO: Game start! Between: ['steo', 'albo']
02/05/2022 05:44:07 PM INFO: Ok, let's start the game!
02/05/2022 05:44:07 PM INFO: Showing hand to: steo
02/05/2022 05:44:07 PM INFO: Showing hand to: albo
02/05/2022 05:44:07 PM INFO: Showing hand to: steo
02/05/2022 05:44:07 PM INFO: Showing hand to: albo
02/05/2022 05:44:07 PM INFO: Player steo providing hint to albo: cards with value 1 are in positions: [0, 4]
02/05/2022 05:44:07 PM INFO: Showing hand to: steo
02/05/2022 05:44:07 PM INFO: Showing hand to: albo
02/05/2022 05:44:07 PM INFO: albo: card played and correctly put on the table
02/05/2022 05:44:07 PM INFO: Showing hand to: steo
02/05/2022 05:44:07 PM INFO: Player steo providing hint to albo: cards with color red are in positions: [0, 1]
02/05/2022 05:44:07 PM INFO: Showing hand to: steo
02/05/2022 05:44:07 PM INFO: Showing hand to: albo
02/05/2022 05:44:07 PM INFO: Player: albo: card 10 discarded successfully
02/05/2022 05:44:07 PM INFO: Showing hand to: steo
02/05/2022 05:44:07 PM INFO: Showing hand to: albo
02/05/2022 05:44:07 PM INFO: Player steo providing hint to albo: cards with value 4 are in positions: [0, 2]
02/05/2022 05:44:07 PM INFO: Showing hand to: albo
02/05/2022 05:44:07 PM INFO: Showing hand to: steo
02/05/2022 05:44:07 PM INFO: Player albo providing hint to steo: cards with value 1 are in positions: [0, 3]
02/05/2022 05:44:07 PM INFO: Showing hand to: steo
02/05/2022 05:44:07 PM INFO: Showing hand to: albo
02/05/2022 05:44:07 PM INFO: Player steo providing hint to albo: cards with value 2 are in positions: [1, 3, 4]
02/05/2022 05:44:07 PM INFO: Showing hand to: steo
02/05/2022 05:44:07 PM INFO: Showing hand to: albo
02/05/2022 05:44:07 PM INFO: Player albo providing hint to steo: cards with color blue are in positions: [0, 1]
02/05/2022 05:44:07 PM INFO: Showing hand to: steo
02/05/2022 05:44:07 PM INFO: Showing hand to: albo
02/05/2022 05:44:07 PM INFO: steo: card played and correctly put on the table
02/05/2022 05:44:07 PM INFO: Showing hand to: albo
02/05/2022 05:44:07 PM INFO: Player albo providing hint to steo: cards with color green are in positions: [2]
02/05/2022 05:44:07 PM INFO: Showing hand to: steo
02/05/2022 05:44:07 PM INFO: Showing hand to: albo
02/05/2022 05:44:07 PM INFO: steo: card played and correctly put on the table
02/05/2022 05:44:07 PM INFO: Showing hand to: albo
02/05/2022 05:44:07 PM INFO: Player: albo: card 35 discarded successfully
02/05/2022 05:44:07 PM INFO: Showing hand to: steo
02/05/2022 05:44:07 PM INFO: Showing hand to: albo
02/05/2022 05:44:07 PM INFO: Player steo providing hint to albo: cards with value 2 are in positions: [0, 2, 3, 4]
02/05/2022 05:44:07 PM INFO: Showing hand to: steo
02/05/2022 05:44:07 PM INFO: Showing hand to: albo
02/05/2022 05:44:07 PM INFO: Player albo providing hint to steo: cards with value 3 are in positions: [0, 1, 2, 3]
02/05/2022 05:44:07 PM INFO: Showing hand to: steo
02/05/2022 05:44:07 PM INFO: Showing hand to: albo
02/05/2022 05:44:07 PM INFO: Player steo providing hint to albo: cards with color green are in positions: [0, 1]
02/05/2022 05:44:07 PM INFO: Showing hand to: steo
02/05/2022 05:44:07 PM INFO: Showing hand to: albo
02/05/2022 05:44:07 PM INFO: albo: card played and correctly put on the table
02/05/2022 05:44:07 PM INFO: Showing hand to: steo
02/05/2022 05:44:07 PM INFO: Player: steo: card 33 discarded successfully
02/05/2022 05:44:07 PM INFO: Showing hand to: steo
02/05/2022 05:44:07 PM INFO: Showing hand to: albo
02/05/2022 05:44:07 PM INFO: Player: albo: card 37 discarded successfully
02/05/2022 05:44:07 PM INFO: Showing hand to: steo
02/05/2022 05:44:07 PM INFO: Showing hand to: albo
02/05/2022 05:44:07 PM INFO: Player steo providing hint to albo: cards with color green are in positions: [3, 4]
02/05/2022 05:44:07 PM INFO: Showing hand to: steo
02/05/2022 05:44:07 PM INFO: Showing hand to: albo
02/05/2022 05:44:07 PM INFO: Player: albo: card 42 discarded successfully
02/05/2022 05:44:07 PM INFO: Showing hand to: steo
02/05/2022 05:44:07 PM INFO: Showing hand to: albo
02/05/2022 05:44:07 PM INFO: Player steo providing hint to albo: cards with value 1 are in positions: [3, 4]
02/05/2022 05:44:07 PM INFO: Showing hand to: albo
02/05/2022 05:44:07 PM INFO: Showing hand to: steo
02/05/2022 05:44:07 PM INFO: Player: albo: card 12 discarded successfully
02/05/2022 05:44:07 PM INFO: Showing hand to: steo
02/05/2022 05:44:07 PM INFO: Showing hand to: albo
02/05/2022 05:44:07 PM INFO: Player steo providing hint to albo: cards with value 2 are in positions: [0, 1, 2, 4]
02/05/2022 05:44:07 PM INFO: Showing hand to: steo
02/05/2022 05:44:07 PM INFO: Showing hand to: albo
02/05/2022 05:44:07 PM INFO: Player: albo: card 19 discarded successfully
02/05/2022 05:44:07 PM INFO: Showing hand to: steo
02/05/2022 05:44:07 PM INFO: Showing hand to: albo
02/05/2022 05:44:07 PM INFO: Player steo providing hint to albo: cards with color blue are in positions: [0, 3]
02/05/2022 05:44:07 PM INFO: Showing hand to: albo
02/05/2022 05:44:07 PM INFO: Showing hand to: steo
02/05/2022 05:44:07 PM INFO: albo: card played and correctly put on the table
02/05/2022 05:44:07 PM INFO: Showing hand to: steo
02/05/2022 05:44:07 PM INFO: Player steo providing hint to albo: cards with value 1 are in positions: [1, 3, 4]
02/05/2022 05:44:07 PM INFO: Showing hand to: albo
02/05/2022 05:44:07 PM INFO: Showing hand to: steo
02/05/2022 05:44:07 PM INFO: Player: albo: card 23 discarded successfully
02/05/2022 05:44:07 PM INFO: Showing hand to: steo
02/05/2022 05:44:07 PM INFO: Showing hand to: albo
02/05/2022 05:44:07 PM INFO: Player steo providing hint to albo: cards with value 1 are in positions: [1, 2, 3, 4]
02/05/2022 05:44:07 PM INFO: Showing hand to: steo
02/05/2022 05:44:07 PM INFO: Showing hand to: albo
02/05/2022 05:44:07 PM INFO: Player: albo: card 20 discarded successfully
02/05/2022 05:44:07 PM INFO: Showing hand to: steo
02/05/2022 05:44:07 PM INFO: Showing hand to: albo
02/05/2022 05:44:07 PM INFO: Player steo providing hint to albo: cards with color yellow are in positions: [0, 1]
02/05/2022 05:44:07 PM INFO: Showing hand to: steo
02/05/2022 05:44:07 PM INFO: Showing hand to: albo
02/05/2022 05:44:07 PM INFO: albo: card played and correctly put on the table
02/05/2022 05:44:07 PM INFO: Showing hand to: steo
02/05/2022 05:44:07 PM INFO: Player: steo: card 26 discarded successfully
02/05/2022 05:44:07 PM INFO: Showing hand to: steo
02/05/2022 05:44:07 PM INFO: Showing hand to: albo
02/05/2022 05:44:07 PM INFO: Player: albo: card 1 discarded successfully
02/05/2022 05:44:07 PM INFO: Showing hand to: steo
02/05/2022 05:44:07 PM INFO: Showing hand to: albo
02/05/2022 05:44:07 PM INFO: Player steo providing hint to albo: cards with color green are in positions: [0, 4]
02/05/2022 05:44:07 PM INFO: Showing hand to: steo
02/05/2022 05:44:07 PM INFO: Showing hand to: albo
02/05/2022 05:44:07 PM INFO: Player: albo: card 7 discarded successfully
02/05/2022 05:44:07 PM INFO: Showing hand to: steo
02/05/2022 05:44:07 PM INFO: Showing hand to: albo
02/05/2022 05:44:07 PM INFO: Player steo providing hint to albo: cards with value 3 are in positions: [2, 3]
02/05/2022 05:44:07 PM INFO: Showing hand to: steo
02/05/2022 05:44:07 PM INFO: Showing hand to: albo
02/05/2022 05:44:07 PM INFO: albo: card played and correctly put on the table
02/05/2022 05:44:07 PM INFO: Showing hand to: steo
02/05/2022 05:44:07 PM INFO: Player: steo: card 30 discarded successfully
02/05/2022 05:44:07 PM INFO: Showing hand to: steo
02/05/2022 05:44:07 PM INFO: Showing hand to: albo
02/05/2022 05:44:07 PM INFO: Player albo providing hint to steo: cards with value 4 are in positions: [1, 2, 3]
02/05/2022 05:44:07 PM INFO: Showing hand to: steo
02/05/2022 05:44:07 PM INFO: Showing hand to: albo
02/05/2022 05:44:07 PM INFO: Player: steo: card 34 discarded successfully
02/05/2022 05:44:07 PM INFO: Showing hand to: steo
02/05/2022 05:44:07 PM INFO: Showing hand to: albo
02/05/2022 05:44:07 PM INFO: Player albo providing hint to steo: cards with color red are in positions: [0, 3, 4]
02/05/2022 05:44:07 PM INFO: Showing hand to: steo
02/05/2022 05:44:07 PM INFO: Showing hand to: albo
02/05/2022 05:44:07 PM INFO: Player: steo: card 15 discarded successfully
02/05/2022 05:44:07 PM INFO: Showing hand to: steo
02/05/2022 05:44:07 PM INFO: Showing hand to: albo
02/05/2022 05:44:07 PM INFO: Player albo providing hint to steo: cards with color white are in positions: [1, 2]
02/05/2022 05:44:07 PM INFO: Showing hand to: steo
02/05/2022 05:44:07 PM INFO: Showing hand to: albo
02/05/2022 05:44:07 PM INFO: Player: steo: card 44 discarded successfully
02/05/2022 05:44:07 PM INFO: Showing hand to: steo
02/05/2022 05:44:07 PM INFO: Showing hand to: albo
02/05/2022 05:44:07 PM INFO: Player albo providing hint to steo: cards with color white are in positions: [1, 4]
02/05/2022 05:44:07 PM INFO: Showing hand to: steo
02/05/2022 05:44:07 PM INFO: Showing hand to: albo
02/05/2022 05:44:07 PM INFO: Player: steo: card 25 discarded successfully
02/05/2022 05:44:07 PM INFO: Showing hand to: steo
02/05/2022 05:44:07 PM INFO: Showing hand to: albo
02/05/2022 05:44:07 PM INFO: Player albo providing hint to steo: cards with value 4 are in positions: [0, 1, 4]
02/05/2022 05:44:07 PM INFO: Showing hand to: steo
02/05/2022 05:44:07 PM INFO: Showing hand to: albo
02/05/2022 05:44:07 PM INFO: Player: steo: card 36 discarded successfully
02/05/2022 05:44:07 PM INFO: Showing hand to: steo
02/05/2022 05:44:07 PM INFO: Showing hand to: albo
02/05/2022 05:44:07 PM INFO: Player albo providing hint to steo: cards with value 1 are in positions: [3]
02/05/2022 05:44:07 PM INFO: Showing hand to: albo
02/05/2022 05:44:07 PM INFO: Showing hand to: steo
02/05/2022 05:44:07 PM INFO: steo: card played and correctly put on the table
02/05/2022 05:44:07 PM INFO: Showing hand to: albo
02/05/2022 05:44:07 PM INFO: Player albo providing hint to steo: cards with value 2 are in positions: [4]
02/05/2022 05:44:07 PM INFO: Showing hand to: steo
02/05/2022 05:44:07 PM INFO: Showing hand to: albo
02/05/2022 05:44:07 PM INFO: Player: steo: card 16 discarded successfully
02/05/2022 05:44:07 PM INFO: Showing hand to: steo
02/05/2022 05:44:07 PM INFO: Showing hand to: albo
02/05/2022 05:44:07 PM INFO: Player: albo: card 0 discarded successfully
02/05/2022 05:44:07 PM INFO: Showing hand to: steo
02/05/2022 05:44:07 PM INFO: Showing hand to: albo
02/05/2022 05:44:07 PM INFO: Player steo providing hint to albo: cards with color white are in positions: [1, 3, 4]
02/05/2022 05:44:07 PM INFO: Showing hand to: steo
02/05/2022 05:44:07 PM INFO: Showing hand to: albo
02/05/2022 05:44:07 PM INFO: Player: albo: card 49 discarded successfully
02/05/2022 05:44:07 PM INFO: Showing hand to: steo
02/05/2022 05:44:07 PM INFO: Showing hand to: albo
02/05/2022 05:44:07 PM INFO: Player steo providing hint to albo: cards with value 2 are in positions: [3, 4]
02/05/2022 05:44:07 PM INFO: Showing hand to: steo
02/05/2022 05:44:07 PM INFO: Showing hand to: albo
02/05/2022 05:44:07 PM INFO: albo: card played and correctly put on the table
02/05/2022 05:44:07 PM INFO: Showing hand to: steo
02/05/2022 05:44:07 PM INFO: Player steo providing hint to albo: cards with color yellow are in positions: [3]
02/05/2022 05:44:07 PM INFO: Showing hand to: steo
02/05/2022 05:44:07 PM INFO: Showing hand to: albo
02/05/2022 05:44:07 PM INFO: albo: card played and correctly put on the table
02/05/2022 05:44:07 PM INFO: Showing hand to: steo
02/05/2022 05:44:07 PM INFO: steo: card played and correctly put on the table
02/05/2022 05:44:07 PM INFO: Showing hand to: albo
02/05/2022 05:44:07 PM INFO: albo: card played and correctly put on the table
02/05/2022 05:44:07 PM INFO: Showing hand to: steo
02/05/2022 05:44:07 PM INFO: Player: steo: card 47 discarded successfully
02/05/2022 05:44:07 PM INFO: Showing hand to: albo
02/05/2022 05:44:07 PM INFO: Showing hand to: steo
02/05/2022 05:44:07 PM INFO: Player: albo: card 8 discarded successfully
02/05/2022 05:44:07 PM INFO: Showing hand to: steo
02/05/2022 05:44:07 PM INFO: Showing hand to: albo
02/05/2022 05:44:07 PM INFO: Player steo providing hint to albo: cards with value 1 are in positions: [3, 4]
02/05/2022 05:44:07 PM INFO: Showing hand to: albo
02/05/2022 05:44:07 PM INFO: Showing hand to: steo
02/05/2022 05:44:07 PM INFO: Player: albo: card 6 discarded successfully
02/05/2022 05:44:07 PM INFO: Showing hand to: steo
02/05/2022 05:44:07 PM INFO: Showing hand to: albo
02/05/2022 05:44:07 PM INFO: Player steo providing hint to albo: cards with color white are in positions: [3]
02/05/2022 05:44:07 PM INFO: Showing hand to: steo
02/05/2022 05:44:07 PM INFO: Showing hand to: albo
02/05/2022 05:44:07 PM INFO: Player: albo: card 9 discarded successfully
02/05/2022 05:44:07 PM INFO: Showing hand to: steo
02/05/2022 05:44:07 PM INFO: Showing hand to: albo
02/05/2022 05:44:07 PM INFO: Player steo providing hint to albo: cards with value 3 are in positions: [3, 4]
02/05/2022 05:44:07 PM INFO: Showing hand to: steo
02/05/2022 05:44:07 PM INFO: Showing hand to: albo
02/05/2022 05:44:07 PM INFO: Player: albo: card 27 discarded successfully
02/05/2022 05:44:07 PM INFO: Showing hand to: steo
02/05/2022 05:44:07 PM INFO: Showing hand to: albo
02/05/2022 05:44:07 PM INFO: Player steo providing hint to albo: cards with color yellow are in positions: [2, 3]
02/05/2022 05:44:07 PM INFO: Showing hand to: steo
02/05/2022 05:44:07 PM INFO: Showing hand to: albo
02/05/2022 05:44:07 PM INFO: albo: card played and correctly put on the table
02/05/2022 05:44:07 PM INFO: Showing hand to: steo
02/05/2022 05:44:07 PM INFO: Player: steo: card 13 discarded successfully
02/05/2022 05:44:07 PM INFO: Showing hand to: steo
02/05/2022 05:44:07 PM INFO: Showing hand to: albo
02/05/2022 05:44:07 PM INFO: Player albo providing hint to steo: cards with value 4 are in positions: [0, 3]
02/05/2022 05:44:07 PM INFO: Showing hand to: albo
02/05/2022 05:44:07 PM INFO: Showing hand to: steo
02/05/2022 05:44:07 PM INFO: Player: steo: card 41 discarded successfully
02/05/2022 05:44:07 PM INFO: Game over, people.
02/05/2022 05:44:07 PM INFO: Please, close the server now
02/05/2022 05:44:07 PM INFO: Score: 13; message: Good!
02/05/2022 05:44:07 PM INFO: Game over
02/05/2022 05:44:07 PM INFO: Game score: 13
02/05/2022 05:44:07 PM INFO: Starting new game
02/05/2022 05:44:07 PM INFO: Starting new game
02/05/2022 05:44:07 PM INFO: Ok, let's start the game!
02/05/2022 05:44:07 PM WARNING: Player disconnected: steo
02/05/2022 05:44:07 PM WARNING: Player disconnected: albo
02/05/2022 05:44:07 PM INFO: Shutting down server
